Build started 31/12/2015 19:09:57.
     1>Project "C:\Users\USER\Desktop\גרפיקה ממוחשבת חומר לתרגול\Code\HW3\CG\CG.vcxproj" on node 2 (build target(s)).
     1>InitializeBuildStatus:
         Creating "Release\CG.unsuccessfulbuild" because "AlwaysCreate" was specified.
       ClCompile:
         C:\Program Files (x86)\Microsoft Visual Studio 10.0\VC\bin\CL.exe /c /I..\ /Zi /nologo /W3 /WX- /O2 /Oi /Oy- /GL /D FREEGLUT_STATIC /D WIN32 /D NDEBUG /D _CONSOLE /D _UNICODE /D UNICODE /Gm- /EHsc /MD /GS /Gy /fp:precise /Zc:wchar_t /Zc:forScope /Fo"Release\\" /Fd"Release\vc100.pdb" /Gd /TP /analyze- /errorReport:prompt Main.cpp Utils.cpp
         Main.cpp
         Utils.cpp
       Link:
         C:\Program Files (x86)\Microsoft Visual Studio 10.0\VC\bin\link.exe /ERRORREPORT:PROMPT /OUT:"C:\Users\USER\Desktop\גרפיקה ממוחשבת חומר לתרגול\Code\HW3\Release\CG.exe" /INCREMENTAL:NO /NOLOGO /LIBPATH:..\AntTweakBar\lib /LIBPATH:..\Glew\lib /LIBPATH:..\freeglut\lib\x86 AntTweakBar.lib glew32.lib freeglut_static.lib kernel32.lib user32.lib gdi32.lib winspool.lib comdlg32.lib advapi32.lib shell32.lib ole32.lib oleaut32.lib uuid.lib odbc32.lib odbccp32.lib /MANIFEST /ManifestFile:"Release\CG.exe.intermediate.manifest" /MANIFESTUAC:"level='asInvoker' uiAccess='false'" /DEBUG /PDB:"C:\Users\USER\Desktop\גרפיקה ממוחשבת חומר לתרגול\Code\HW3\Release\CG.pdb" /SUBSYSTEM:CONSOLE /OPT:REF /OPT:ICF /LTCG /TLBID:1 /DYNAMICBASE /NXCOMPAT /IMPLIB:"C:\Users\USER\Desktop\גרפיקה ממוחשבת חומר לתרגול\Code\HW3\Release\CG.lib" /MACHINE:X86 Release\Main.obj
         Release\Utils.obj
     1>LINK : warning LNK4098: defaultlib 'LIBCMT' conflicts with use of other libs; use /NODEFAULTLIB:library
         Generating code
         Finished generating code
         CG.vcxproj -> C:\Users\USER\Desktop\גרפיקה ממוחשבת חומר לתרגול\Code\HW3\Release\CG.exe
       Manifest:
         C:\Program Files (x86)\Microsoft SDKs\Windows\v7.0A\bin\mt.exe /nologo /verbose /outputresource:"C:\Users\USER\Desktop\גרפיקה ממוחשבת חומר לתרגול\Code\HW3\Release\CG.exe;#1" /manifest Release\CG.exe.intermediate.manifest
       FinalizeBuildStatus:
         Deleting file "Release\CG.unsuccessfulbuild".
         Touching "Release\CG.lastbuildstate".
     1>Done Building Project "C:\Users\USER\Desktop\גרפיקה ממוחשבת חומר לתרגול\Code\HW3\CG\CG.vcxproj" (build target(s)).

Build succeeded.

Time Elapsed 00:00:02.20
